[2025-10-21 17:56:15] local.ERROR: require(C:\Users\k\Desktop\moviebox\Ibrahim\medzfitt-laravel\routes/auth.php): Failed to open stream: No such file or directory {"exception":"[object] (ErrorException(code: 0): require(C:\\Users\\k\\Desktop\\moviebox\\Ibrahim\\medzfitt-laravel\\routes/auth.php): Failed to open stream: No such file or directory at C:\\Users\\k\\Desktop\\moviebox\\Ibrahim\\medzfitt-laravel\\routes\\web.php:58)
[stacktrace]
#0 C:\\Users\\k\\Desktop\\moviebox\\Ibrahim\\medzfitt-laravel\\vendor\\laravel\\framework\\src\\Illuminate\\Foundation\\Bootstrap\\HandleExceptions.php(258): Illuminate\\Foundation\\Bootstrap\\HandleExceptions->handleError()
#1 C:\\Users\\k\\Desktop\\moviebox\\Ibrahim\\medzfitt-laravel\\routes\\web.php(58): Illuminate\\Foundation\\Bootstrap\\HandleExceptions->Illuminate\\Foundation\\Bootstrap\\{closure}()
#2 C:\\Users\\k\\Desktop\\moviebox\\Ibrahim\\medzfitt-laravel\\routes\\web.php(58): require('...')
#3 C:\\Users\\k\\Desktop\\moviebox\\Ibrahim\\medzfitt-laravel\\vendor\\laravel\\framework\\src\\Illuminate\\Routing\\RouteFileRegistrar.php(34): require('...')
#4 C:\\Users\\k\\Desktop\\moviebox\\Ibrahim\\medzfitt-laravel\\vendor\\laravel\\framework\\src\\Illuminate\\Routing\\Router.php(526): Illuminate\\Routing\\RouteFileRegistrar->register()
#5 C:\\Users\\k\\Desktop\\moviebox\\Ibrahim\\medzfitt-laravel\\vendor\\laravel\\framework\\src\\Illuminate\\Routing\\Router.php(480): Illuminate\\Routing\\Router->loadRoutes()
#6 C:\\Users\\k\\Desktop\\moviebox\\Ibrahim\\medzfitt-laravel\\vendor\\laravel\\framework\\src\\Illuminate\\Routing\\RouteRegistrar.php(212): Illuminate\\Routing\\Router->group()
#7 C:\\Users\\k\\Desktop\\moviebox\\Ibrahim\\medzfitt-laravel\\vendor\\laravel\\framework\\src\\Illuminate\\Foundation\\Configuration\\ApplicationBuilder.php(248): Illuminate\\Routing\\RouteRegistrar->group()
#8 C:\\Users\\k\\Desktop\\moviebox\\Ibrahim\\medzfitt-laravel\\vendor\\laravel\\framework\\src\\Illuminate\\Container\\BoundMethod.php(36): Illuminate\\Foundation\\Configuration\\ApplicationBuilder->Illuminate\\Foundation\\Configuration\\{closure}()
#9 C:\\Users\\k\\Desktop\\moviebox\\Ibrahim\\medzfitt-laravel\\vendor\\laravel\\framework\\src\\Illuminate\\Container\\Util.php(43): Illuminate\\Container\\BoundMethod::Illuminate\\Container\\{closure}()
#10 C:\\Users\\k\\Desktop\\moviebox\\Ibrahim\\medzfitt-laravel\\vendor\\laravel\\framework\\src\\Illuminate\\Container\\BoundMethod.php(84): Illuminate\\Container\\Util::unwrapIfClosure()
#11 C:\\Users\\k\\Desktop\\moviebox\\Ibrahim\\medzfitt-laravel\\vendor\\laravel\\framework\\src\\Illuminate\\Container\\BoundMethod.php(35): Illuminate\\Container\\BoundMethod::callBoundMethod()
#12 C:\\Users\\k\\Desktop\\moviebox\\Ibrahim\\medzfitt-laravel\\vendor\\laravel\\framework\\src\\Illuminate\\Container\\Container.php(836): Illuminate\\Container\\BoundMethod::call()
#13 C:\\Users\\k\\Desktop\\moviebox\\Ibrahim\\medzfitt-laravel\\vendor\\laravel\\framework\\src\\Illuminate\\Foundation\\Support\\Providers\\RouteServiceProvider.php(162): Illuminate\\Container\\Container->call()
#14 C:\\Users\\k\\Desktop\\moviebox\\Ibrahim\\medzfitt-laravel\\vendor\\laravel\\framework\\src\\Illuminate\\Foundation\\Support\\Providers\\RouteServiceProvider.php(59): Illuminate\\Foundation\\Support\\Providers\\RouteServiceProvider->loadRoutes()
#15 C:\\Users\\k\\Desktop\\moviebox\\Ibrahim\\medzfitt-laravel\\vendor\\laravel\\framework\\src\\Illuminate\\Container\\BoundMethod.php(36): Illuminate\\Foundation\\Support\\Providers\\RouteServiceProvider->Illuminate\\Foundation\\Support\\Providers\\{closure}()
#16 C:\\Users\\k\\Desktop\\moviebox\\Ibrahim\\medzfitt-laravel\\vendor\\laravel\\framework\\src\\Illuminate\\Container\\Util.php(43): Illuminate\\Container\\BoundMethod::Illuminate\\Container\\{closure}()
#17 C:\\Users\\k\\Desktop\\moviebox\\Ibrahim\\medzfitt-laravel\\vendor\\laravel\\framework\\src\\Illuminate\\Container\\BoundMethod.php(84): Illuminate\\Container\\Util::unwrapIfClosure()
#18 C:\\Users\\k\\Desktop\\moviebox\\Ibrahim\\medzfitt-laravel\\vendor\\laravel\\framework\\src\\Illuminate\\Container\\BoundMethod.php(35): Illuminate\\Container\\BoundMethod::callBoundMethod()
#19 C:\\Users\\k\\Desktop\\moviebox\\Ibrahim\\medzfitt-laravel\\vendor\\laravel\\framework\\src\\Illuminate\\Container\\Container.php(836): Illuminate\\Container\\BoundMethod::call()
#20 C:\\Users\\k\\Desktop\\moviebox\\Ibrahim\\medzfitt-laravel\\vendor\\laravel\\framework\\src\\Illuminate\\Support\\ServiceProvider.php(143): Illuminate\\Container\\Container->call()
#21 C:\\Users\\k\\Desktop\\moviebox\\Ibrahim\\medzfitt-laravel\\vendor\\laravel\\framework\\src\\Illuminate\\Foundation\\Application.php(1154): Illuminate\\Support\\ServiceProvider->callBootedCallbacks()
#22 C:\\Users\\k\\Desktop\\moviebox\\Ibrahim\\medzfitt-laravel\\vendor\\laravel\\framework\\src\\Illuminate\\Foundation\\Application.php(1132): Illuminate\\Foundation\\Application->bootProvider()
#23 [internal function]: Illuminate\\Foundation\\Application->Illuminate\\Foundation\\{closure}()
#24 C:\\Users\\k\\Desktop\\moviebox\\Ibrahim\\medzfitt-laravel\\vendor\\laravel\\framework\\src\\Illuminate\\Foundation\\Application.php(1131): array_walk()
#25 C:\\Users\\k\\Desktop\\moviebox\\Ibrahim\\medzfitt-laravel\\vendor\\laravel\\framework\\src\\Illuminate\\Foundation\\Bootstrap\\BootProviders.php(17): Illuminate\\Foundation\\Application->boot()
#26 C:\\Users\\k\\Desktop\\moviebox\\Ibrahim\\medzfitt-laravel\\vendor\\laravel\\framework\\src\\Illuminate\\Foundation\\Application.php(342): Illuminate\\Foundation\\Bootstrap\\BootProviders->bootstrap()
#27 C:\\Users\\k\\Desktop\\moviebox\\Ibrahim\\medzfitt-laravel\\vendor\\laravel\\framework\\src\\Illuminate\\Foundation\\Console\\Kernel.php(473): Illuminate\\Foundation\\Application->bootstrapWith()
#28 C:\\Users\\k\\Desktop\\moviebox\\Ibrahim\\medzfitt-laravel\\vendor\\laravel\\framework\\src\\Illuminate\\Foundation\\Console\\Kernel.php(195): Illuminate\\Foundation\\Console\\Kernel->bootstrap()
#29 C:\\Users\\k\\Desktop\\moviebox\\Ibrahim\\medzfitt-laravel\\vendor\\laravel\\framework\\src\\Illuminate\\Foundation\\Application.php(1235): Illuminate\\Foundation\\Console\\Kernel->handle()
#30 C:\\Users\\k\\Desktop\\moviebox\\Ibrahim\\medzfitt-laravel\\artisan(16): Illuminate\\Foundation\\Application->handleCommand()
#31 {main}
"} 
[2025-10-21 17:56:18] local.ERROR: require(C:\Users\k\Desktop\moviebox\Ibrahim\medzfitt-laravel\routes/auth.php): Failed to open stream: No such file or directory {"exception":"[object] (ErrorException(code: 0): require(C:\\Users\\k\\Desktop\\moviebox\\Ibrahim\\medzfitt-laravel\\routes/auth.php): Failed to open stream: No such file or directory at C:\\Users\\k\\Desktop\\moviebox\\Ibrahim\\medzfitt-laravel\\routes\\web.php:58)
[stacktrace]
#0 C:\\Users\\k\\Desktop\\moviebox\\Ibrahim\\medzfitt-laravel\\vendor\\laravel\\framework\\src\\Illuminate\\Foundation\\Bootstrap\\HandleExceptions.php(258): Illuminate\\Foundation\\Bootstrap\\HandleExceptions->handleError()
#1 C:\\Users\\k\\Desktop\\moviebox\\Ibrahim\\medzfitt-laravel\\routes\\web.php(58): Illuminate\\Foundation\\Bootstrap\\HandleExceptions->Illuminate\\Foundation\\Bootstrap\\{closure}()
#2 C:\\Users\\k\\Desktop\\moviebox\\Ibrahim\\medzfitt-laravel\\routes\\web.php(58): require('...')
#3 C:\\Users\\k\\Desktop\\moviebox\\Ibrahim\\medzfitt-laravel\\vendor\\laravel\\framework\\src\\Illuminate\\Routing\\RouteFileRegistrar.php(34): require('...')
#4 C:\\Users\\k\\Desktop\\moviebox\\Ibrahim\\medzfitt-laravel\\vendor\\laravel\\framework\\src\\Illuminate\\Routing\\Router.php(526): Illuminate\\Routing\\RouteFileRegistrar->register()
#5 C:\\Users\\k\\Desktop\\moviebox\\Ibrahim\\medzfitt-laravel\\vendor\\laravel\\framework\\src\\Illuminate\\Routing\\Router.php(480): Illuminate\\Routing\\Router->loadRoutes()
#6 C:\\Users\\k\\Desktop\\moviebox\\Ibrahim\\medzfitt-laravel\\vendor\\laravel\\framework\\src\\Illuminate\\Routing\\RouteRegistrar.php(212): Illuminate\\Routing\\Router->group()
#7 C:\\Users\\k\\Desktop\\moviebox\\Ibrahim\\medzfitt-laravel\\vendor\\laravel\\framework\\src\\Illuminate\\Foundation\\Configuration\\ApplicationBuilder.php(248): Illuminate\\Routing\\RouteRegistrar->group()
#8 C:\\Users\\k\\Desktop\\moviebox\\Ibrahim\\medzfitt-laravel\\vendor\\laravel\\framework\\src\\Illuminate\\Container\\BoundMethod.php(36): Illuminate\\Foundation\\Configuration\\ApplicationBuilder->Illuminate\\Foundation\\Configuration\\{closure}()
#9 C:\\Users\\k\\Desktop\\moviebox\\Ibrahim\\medzfitt-laravel\\vendor\\laravel\\framework\\src\\Illuminate\\Container\\Util.php(43): Illuminate\\Container\\BoundMethod::Illuminate\\Container\\{closure}()
#10 C:\\Users\\k\\Desktop\\moviebox\\Ibrahim\\medzfitt-laravel\\vendor\\laravel\\framework\\src\\Illuminate\\Container\\BoundMethod.php(84): Illuminate\\Container\\Util::unwrapIfClosure()
#11 C:\\Users\\k\\Desktop\\moviebox\\Ibrahim\\medzfitt-laravel\\vendor\\laravel\\framework\\src\\Illuminate\\Container\\BoundMethod.php(35): Illuminate\\Container\\BoundMethod::callBoundMethod()
#12 C:\\Users\\k\\Desktop\\moviebox\\Ibrahim\\medzfitt-laravel\\vendor\\laravel\\framework\\src\\Illuminate\\Container\\Container.php(836): Illuminate\\Container\\BoundMethod::call()
#13 C:\\Users\\k\\Desktop\\moviebox\\Ibrahim\\medzfitt-laravel\\vendor\\laravel\\framework\\src\\Illuminate\\Foundation\\Support\\Providers\\RouteServiceProvider.php(162): Illuminate\\Container\\Container->call()
#14 C:\\Users\\k\\Desktop\\moviebox\\Ibrahim\\medzfitt-laravel\\vendor\\laravel\\framework\\src\\Illuminate\\Foundation\\Support\\Providers\\RouteServiceProvider.php(59): Illuminate\\Foundation\\Support\\Providers\\RouteServiceProvider->loadRoutes()
#15 C:\\Users\\k\\Desktop\\moviebox\\Ibrahim\\medzfitt-laravel\\vendor\\laravel\\framework\\src\\Illuminate\\Container\\BoundMethod.php(36): Illuminate\\Foundation\\Support\\Providers\\RouteServiceProvider->Illuminate\\Foundation\\Support\\Providers\\{closure}()
#16 C:\\Users\\k\\Desktop\\moviebox\\Ibrahim\\medzfitt-laravel\\vendor\\laravel\\framework\\src\\Illuminate\\Container\\Util.php(43): Illuminate\\Container\\BoundMethod::Illuminate\\Container\\{closure}()
#17 C:\\Users\\k\\Desktop\\moviebox\\Ibrahim\\medzfitt-laravel\\vendor\\laravel\\framework\\src\\Illuminate\\Container\\BoundMethod.php(84): Illuminate\\Container\\Util::unwrapIfClosure()
#18 C:\\Users\\k\\Desktop\\moviebox\\Ibrahim\\medzfitt-laravel\\vendor\\laravel\\framework\\src\\Illuminate\\Container\\BoundMethod.php(35): Illuminate\\Container\\BoundMethod::callBoundMethod()
#19 C:\\Users\\k\\Desktop\\moviebox\\Ibrahim\\medzfitt-laravel\\vendor\\laravel\\framework\\src\\Illuminate\\Container\\Container.php(836): Illuminate\\Container\\BoundMethod::call()
#20 C:\\Users\\k\\Desktop\\moviebox\\Ibrahim\\medzfitt-laravel\\vendor\\laravel\\framework\\src\\Illuminate\\Support\\ServiceProvider.php(143): Illuminate\\Container\\Container->call()
#21 C:\\Users\\k\\Desktop\\moviebox\\Ibrahim\\medzfitt-laravel\\vendor\\laravel\\framework\\src\\Illuminate\\Foundation\\Application.php(1154): Illuminate\\Support\\ServiceProvider->callBootedCallbacks()
#22 C:\\Users\\k\\Desktop\\moviebox\\Ibrahim\\medzfitt-laravel\\vendor\\laravel\\framework\\src\\Illuminate\\Foundation\\Application.php(1132): Illuminate\\Foundation\\Application->bootProvider()
#23 [internal function]: Illuminate\\Foundation\\Application->Illuminate\\Foundation\\{closure}()
#24 C:\\Users\\k\\Desktop\\moviebox\\Ibrahim\\medzfitt-laravel\\vendor\\laravel\\framework\\src\\Illuminate\\Foundation\\Application.php(1131): array_walk()
#25 C:\\Users\\k\\Desktop\\moviebox\\Ibrahim\\medzfitt-laravel\\vendor\\laravel\\framework\\src\\Illuminate\\Foundation\\Bootstrap\\BootProviders.php(17): Illuminate\\Foundation\\Application->boot()
#26 C:\\Users\\k\\Desktop\\moviebox\\Ibrahim\\medzfitt-laravel\\vendor\\laravel\\framework\\src\\Illuminate\\Foundation\\Application.php(342): Illuminate\\Foundation\\Bootstrap\\BootProviders->bootstrap()
#27 C:\\Users\\k\\Desktop\\moviebox\\Ibrahim\\medzfitt-laravel\\vendor\\laravel\\framework\\src\\Illuminate\\Foundation\\Console\\Kernel.php(473): Illuminate\\Foundation\\Application->bootstrapWith()
#28 C:\\Users\\k\\Desktop\\moviebox\\Ibrahim\\medzfitt-laravel\\vendor\\laravel\\framework\\src\\Illuminate\\Foundation\\Console\\Kernel.php(195): Illuminate\\Foundation\\Console\\Kernel->bootstrap()
#29 C:\\Users\\k\\Desktop\\moviebox\\Ibrahim\\medzfitt-laravel\\vendor\\laravel\\framework\\src\\Illuminate\\Foundation\\Application.php(1235): Illuminate\\Foundation\\Console\\Kernel->handle()
#30 C:\\Users\\k\\Desktop\\moviebox\\Ibrahim\\medzfitt-laravel\\artisan(16): Illuminate\\Foundation\\Application->handleCommand()
#31 {main}
"} 
[2025-10-21 17:57:19] local.ERROR: SQLSTATE[42S02]: Base table or view not found: 1146 Table 'medzfitt_db.sessions' doesn't exist (Connection: mysql, SQL: select * from `sessions` where `id` = uNC7YhJIiAAQCvdJAeyZrOF6cfDEXSiaqCBaMjR4 limit 1) {"exception":"[object] (Illuminate\\Database\\QueryException(code: 42S02): SQLSTATE[42S02]: Base table or view not found: 1146 Table 'medzfitt_db.sessions' doesn't exist (Connection: mysql, SQL: select * from `sessions` where `id` = uNC7YhJIiAAQCvdJAeyZrOF6cfDEXSiaqCBaMjR4 limit 1) at C:\\Users\\k\\Desktop\\moviebox\\Ibrahim\\medzfitt-laravel\\vendor\\laravel\\framework\\src\\Illuminate\\Database\\Connection.php:824)
[stacktrace]
#0 C:\\Users\\k\\Desktop\\moviebox\\Ibrahim\\medzfitt-laravel\\vendor\\laravel\\framework\\src\\Illuminate\\Database\\Connection.php(778): Illuminate\\Database\\Connection->runQueryCallback()
#1 C:\\Users\\k\\Desktop\\moviebox\\Ibrahim\\medzfitt-laravel\\vendor\\laravel\\framework\\src\\Illuminate\\Database\\Connection.php(397): Illuminate\\Database\\Connection->run()
#2 C:\\Users\\k\\Desktop\\moviebox\\Ibrahim\\medzfitt-laravel\\vendor\\laravel\\framework\\src\\Illuminate\\Database\\Query\\Builder.php(3188): Illuminate\\Database\\Connection->select()
#3 C:\\Users\\k\\Desktop\\moviebox\\Ibrahim\\medzfitt-laravel\\vendor\\laravel\\framework\\src\\Illuminate\\Database\\Query\\Builder.php(3173): Illuminate\\Database\\Query\\Builder->runSelect()
#4 C:\\Users\\k\\Desktop\\moviebox\\Ibrahim\\medzfitt-laravel\\vendor\\laravel\\framework\\src\\Illuminate\\Database\\Query\\Builder.php(3763): Illuminate\\Database\\Query\\Builder->Illuminate\\Database\\Query\\{closure}()
#5 C:\\Users\\k\\Desktop\\moviebox\\Ibrahim\\medzfitt-laravel\\vendor\\laravel\\framework\\src\\Illuminate\\Database\\Query\\Builder.php(3172): Illuminate\\Database\\Query\\Builder->onceWithColumns()
#6 C:\\Users\\k\\Desktop\\moviebox\\Ibrahim\\medzfitt-laravel\\vendor\\laravel\\framework\\src\\Illuminate\\Database\\Concerns\\BuildsQueries.php(366): Illuminate\\Database\\Query\\Builder->get()
#7 C:\\Users\\k\\Desktop\\moviebox\\Ibrahim\\medzfitt-laravel\\vendor\\laravel\\framework\\src\\Illuminate\\Database\\Query\\Builder.php(3095): Illuminate\\Database\\Query\\Builder->first()
#8 C:\\Users\\k\\Desktop\\moviebox\\Ibrahim\\medzfitt-laravel\\vendor\\laravel\\framework\\src\\Illuminate\\Session\\DatabaseSessionHandler.php(96): Illuminate\\Database\\Query\\Builder->find()
#9 C:\\Users\\k\\Desktop\\moviebox\\Ibrahim\\medzfitt-laravel\\vendor\\laravel\\framework\\src\\Illuminate\\Session\\Store.php(117): Illuminate\\Session\\DatabaseSessionHandler->read()
#10 C:\\Users\\k\\Desktop\\moviebox\\Ibrahim\\medzfitt-laravel\\vendor\\laravel\\framework\\src\\Illuminate\\Session\\Store.php(105): Illuminate\\Session\\Store->readFromHandler()
#11 C:\\Users\\k\\Desktop\\moviebox\\Ibrahim\\medzfitt-laravel\\vendor\\laravel\\framework\\src\\Illuminate\\Session\\Store.php(89): Illuminate\\Session\\Store->loadSession()
#12 C:\\Users\\k\\Desktop\\moviebox\\Ibrahim\\medzfitt-laravel\\vendor\\laravel\\framework\\src\\Illuminate\\Session\\Middleware\\StartSession.php(146): Illuminate\\Session\\Store->start()
#13 C:\\Users\\k\\Desktop\\moviebox\\Ibrahim\\medzfitt-laravel\\vendor\\laravel\\framework\\src\\Illuminate\\Support\\helpers.php(390): Illuminate\\Session\\Middleware\\StartSession->Illuminate\\Session\\Middleware\\{closure}()
#14 C:\\Users\\k\\Desktop\\moviebox\\Ibrahim\\medzfitt-laravel\\vendor\\laravel\\framework\\src\\Illuminate\\Session\\Middleware\\StartSession.php(143): tap()
#15 C:\\Users\\k\\Desktop\\moviebox\\Ibrahim\\medzfitt-laravel\\vendor\\laravel\\framework\\src\\Illuminate\\Session\\Middleware\\StartSession.php(115): Illuminate\\Session\\Middleware\\StartSession->startSession()
#16 C:\\Users\\k\\Desktop\\moviebox\\Ibrahim\\medzfitt-laravel\\vendor\\laravel\\framework\\src\\Illuminate\\Session\\Middleware\\StartSession.php(63): Illuminate\\Session\\Middleware\\StartSession->handleStatefulRequest()
#17 C:\\Users\\k\\Desktop\\moviebox\\Ibrahim\\medzfitt-laravel\\vendor\\laravel\\framework\\src\\Illuminate\\Pipeline\\Pipeline.php(219): Illuminate\\Session\\Middleware\\StartSession->handle()
#18 C:\\Users\\k\\Desktop\\moviebox\\Ibrahim\\medzfitt-laravel\\vendor\\laravel\\framework\\src\\Illuminate\\Cookie\\Middleware\\AddQueuedCookiesToResponse.php(36): Illuminate\\Pipeline\\Pipeline->Illuminate\\Pipeline\\{closure}()
#19 C:\\Users\\k\\Desktop\\moviebox\\Ibrahim\\medzfitt-laravel\\vendor\\laravel\\framework\\src\\Illuminate\\Pipeline\\Pipeline.php(219): Illuminate\\Cookie\\Middleware\\AddQueuedCookiesToResponse->handle()
#20 C:\\Users\\k\\Desktop\\moviebox\\Ibrahim\\medzfitt-laravel\\vendor\\laravel\\framework\\src\\Illuminate\\Cookie\\Middleware\\EncryptCookies.php(74): Illuminate\\Pipeline\\Pipeline->Illuminate\\Pipeline\\{closure}()
#21 C:\\Users\\k\\Desktop\\moviebox\\Ibrahim\\medzfitt-laravel\\vendor\\laravel\\framework\\src\\Illuminate\\Pipeline\\Pipeline.php(219): Illuminate\\Cookie\\Middleware\\EncryptCookies->handle()
#22 C:\\Users\\k\\Desktop\\moviebox\\Ibrahim\\medzfitt-laravel\\vendor\\laravel\\framework\\src\\Illuminate\\Pipeline\\Pipeline.php(137): Illuminate\\Pipeline\\Pipeline->Illuminate\\Pipeline\\{closure}()
#23 C:\\Users\\k\\Desktop\\moviebox\\Ibrahim\\medzfitt-laravel\\vendor\\laravel\\framework\\src\\Illuminate\\Routing\\Router.php(821): Illuminate\\Pipeline\\Pipeline->then()
#24 C:\\Users\\k\\Desktop\\moviebox\\Ibrahim\\medzfitt-laravel\\vendor\\laravel\\framework\\src\\Illuminate\\Routing\\Router.php(800): Illuminate\\Routing\\Router->runRouteWithinStack()
#25 C:\\Users\\k\\Desktop\\moviebox\\Ibrahim\\medzfitt-laravel\\vendor\\laravel\\framework\\src\\Illuminate\\Routing\\Router.php(764): Illuminate\\Routing\\Router->runRoute()
#26 C:\\Users\\k\\Desktop\\moviebox\\Ibrahim\\medzfitt-laravel\\vendor\\laravel\\framework\\src\\Illuminate\\Routing\\Router.php(753): Illuminate\\Routing\\Router->dispatchToRoute()
#27 C:\\Users\\k\\Desktop\\moviebox\\Ibrahim\\medzfitt-laravel\\vendor\\laravel\\framework\\src\\Illuminate\\Foundation\\Http\\Kernel.php(200): Illuminate\\Routing\\Router->dispatch()
#28 C:\\Users\\k\\Desktop\\moviebox\\Ibrahim\\medzfitt-laravel\\vendor\\laravel\\framework\\src\\Illuminate\\Pipeline\\Pipeline.php(180): Illuminate\\Foundation\\Http\\Kernel->Illuminate\\Foundation\\Http\\{closure}()
#29 C:\\Users\\k\\Desktop\\moviebox\\Ibrahim\\medzfitt-laravel\\vendor\\laravel\\framework\\src\\Illuminate\\Foundation\\Http\\Middleware\\TransformsRequest.php(21): Illuminate\\Pipeline\\Pipeline->Illuminate\\Pipeline\\{closure}()
#30 C:\\Users\\k\\Desktop\\moviebox\\Ibrahim\\medzfitt-laravel\\vendor\\laravel\\framework\\src\\Illuminate\\Foundation\\Http\\Middleware\\ConvertEmptyStringsToNull.php(31): Illuminate\\Foundation\\Http\\Middleware\\TransformsRequest->handle()
#31 C:\\Users\\k\\Desktop\\moviebox\\Ibrahim\\medzfitt-laravel\\vendor\\laravel\\framework\\src\\Illuminate\\Pipeline\\Pipeline.php(219): Illuminate\\Foundation\\Http\\Middleware\\ConvertEmptyStringsToNull->handle()
#32 C:\\Users\\k\\Desktop\\moviebox\\Ibrahim\\medzfitt-laravel\\vendor\\laravel\\framework\\src\\Illuminate\\Foundation\\Http\\Middleware\\TransformsRequest.php(21): Illuminate\\Pipeline\\Pipeline->Illuminate\\Pipeline\\{closure}()
#33 C:\\Users\\k\\Desktop\\moviebox\\Ibrahim\\medzfitt-laravel\\vendor\\laravel\\framework\\src\\Illuminate\\Foundation\\Http\\Middleware\\TrimStrings.php(51): Illuminate\\Foundation\\Http\\Middleware\\TransformsRequest->handle()
#34 C:\\Users\\k\\Desktop\\moviebox\\Ibrahim\\medzfitt-laravel\\vendor\\laravel\\framework\\src\\Illuminate\\Pipeline\\Pipeline.php(219): Illuminate\\Foundation\\Http\\Middleware\\TrimStrings->handle()
#35 C:\\Users\\k\\Desktop\\moviebox\\Ibrahim\\medzfitt-laravel\\vendor\\laravel\\framework\\src\\Illuminate\\Http\\Middleware\\ValidatePostSize.php(27): Illuminate\\Pipeline\\Pipeline->Illuminate\\Pipeline\\{closure}()
#36 C:\\Users\\k\\Desktop\\moviebox\\Ibrahim\\medzfitt-laravel\\vendor\\laravel\\framework\\src\\Illuminate\\Pipeline\\Pipeline.php(219): Illuminate\\Http\\Middleware\\ValidatePostSize->handle()
#37 C:\\Users\\k\\Desktop\\moviebox\\Ibrahim\\medzfitt-laravel\\vendor\\laravel\\framework\\src\\Illuminate\\Foundation\\Http\\Middleware\\PreventRequestsDuringMaintenance.php(109): Illuminate\\Pipeline\\Pipeline->Illuminate\\Pipeline\\{closure}()
#38 C:\\Users\\k\\Desktop\\moviebox\\Ibrahim\\medzfitt-laravel\\vendor\\laravel\\framework\\src\\Illuminate\\Pipeline\\Pipeline.php(219): Illuminate\\Foundation\\Http\\Middleware\\PreventRequestsDuringMaintenance->handle()
#39 C:\\Users\\k\\Desktop\\moviebox\\Ibrahim\\medzfitt-laravel\\vendor\\laravel\\framework\\src\\Illuminate\\Http\\Middleware\\HandleCors.php(48): Illuminate\\Pipeline\\Pipeline->Illuminate\\Pipeline\\{closure}()
#40 C:\\Users\\k\\Desktop\\moviebox\\Ibrahim\\medzfitt-laravel\\vendor\\laravel\\framework\\src\\Illuminate\\Pipeline\\Pipeline.php(219): Illuminate\\Http\\Middleware\\HandleCors->handle()
#41 C:\\Users\\k\\Desktop\\moviebox\\Ibrahim\\medzfitt-laravel\\vendor\\laravel\\framework\\src\\Illuminate\\Http\\Middleware\\TrustProxies.php(58): Illuminate\\Pipeline\\Pipeline->Illuminate\\Pipeline\\{closure}()
#42 C:\\Users\\k\\Desktop\\moviebox\\Ibrahim\\medzfitt-laravel\\vendor\\laravel\\framework\\src\\Illuminate\\Pipeline\\Pipeline.php(219): Illuminate\\Http\\Middleware\\TrustProxies->handle()
#43 C:\\Users\\k\\Desktop\\moviebox\\Ibrahim\\medzfitt-laravel\\vendor\\laravel\\framework\\src\\Illuminate\\Foundation\\Http\\Middleware\\InvokeDeferredCallbacks.php(22): Illuminate\\Pipeline\\Pipeline->Illuminate\\Pipeline\\{closure}()
#44 C:\\Users\\k\\Desktop\\moviebox\\Ibrahim\\medzfitt-laravel\\vendor\\laravel\\framework\\src\\Illuminate\\Pipeline\\Pipeline.php(219): Illuminate\\Foundation\\Http\\Middleware\\InvokeDeferredCallbacks->handle()
#45 C:\\Users\\k\\Desktop\\moviebox\\Ibrahim\\medzfitt-laravel\\vendor\\laravel\\framework\\src\\Illuminate\\Http\\Middleware\\ValidatePathEncoding.php(26): Illuminate\\Pipeline\\Pipeline->Illuminate\\Pipeline\\{closure}()
#46 C:\\Users\\k\\Desktop\\moviebox\\Ibrahim\\medzfitt-laravel\\vendor\\laravel\\framework\\src\\Illuminate\\Pipeline\\Pipeline.php(219): Illuminate\\Http\\Middleware\\ValidatePathEncoding->handle()
#47 C:\\Users\\k\\Desktop\\moviebox\\Ibrahim\\medzfitt-laravel\\vendor\\laravel\\framework\\src\\Illuminate\\Pipeline\\Pipeline.php(137): Illuminate\\Pipeline\\Pipeline->Illuminate\\Pipeline\\{closure}()
#48 C:\\Users\\k\\Desktop\\moviebox\\Ibrahim\\medzfitt-laravel\\vendor\\laravel\\framework\\src\\Illuminate\\Foundation\\Http\\Kernel.php(175): Illuminate\\Pipeline\\Pipeline->then()
#49 C:\\Users\\k\\Desktop\\moviebox\\Ibrahim\\medzfitt-laravel\\vendor\\laravel\\framework\\src\\Illuminate\\Foundation\\Http\\Kernel.php(144): Illuminate\\Foundation\\Http\\Kernel->sendRequestThroughRouter()
#50 C:\\Users\\k\\Desktop\\moviebox\\Ibrahim\\medzfitt-laravel\\vendor\\laravel\\framework\\src\\Illuminate\\Foundation\\Application.php(1220): Illuminate\\Foundation\\Http\\Kernel->handle()
#51 C:\\Users\\k\\Desktop\\moviebox\\Ibrahim\\medzfitt-laravel\\public\\index.php(20): Illuminate\\Foundation\\Application->handleRequest()
#52 C:\\Users\\k\\Desktop\\moviebox\\Ibrahim\\medzfitt-laravel\\vendor\\laravel\\framework\\src\\Illuminate\\Foundation\\resources\\server.php(23): require_once('...')
#53 {main}

[previous exception] [object] (PDOException(code: 42S02): SQLSTATE[42S02]: Base table or view not found: 1146 Table 'medzfitt_db.sessions' doesn't exist at C:\\Users\\k\\Desktop\\moviebox\\Ibrahim\\medzfitt-laravel\\vendor\\laravel\\framework\\src\\Illuminate\\Database\\Connection.php:406)
[stacktrace]
#0 C:\\Users\\k\\Desktop\\moviebox\\Ibrahim\\medzfitt-laravel\\vendor\\laravel\\framework\\src\\Illuminate\\Database\\Connection.php(406): PDO->prepare()
#1 C:\\Users\\k\\Desktop\\moviebox\\Ibrahim\\medzfitt-laravel\\vendor\\laravel\\framework\\src\\Illuminate\\Database\\Connection.php(811): Illuminate\\Database\\Connection->Illuminate\\Database\\{closure}()
#2 C:\\Users\\k\\Desktop\\moviebox\\Ibrahim\\medzfitt-laravel\\vendor\\laravel\\framework\\src\\Illuminate\\Database\\Connection.php(778): Illuminate\\Database\\Connection->runQueryCallback()
#3 C:\\Users\\k\\Desktop\\moviebox\\Ibrahim\\medzfitt-laravel\\vendor\\laravel\\framework\\src\\Illuminate\\Database\\Connection.php(397): Illuminate\\Database\\Connection->run()
#4 C:\\Users\\k\\Desktop\\moviebox\\Ibrahim\\medzfitt-laravel\\vendor\\laravel\\framework\\src\\Illuminate\\Database\\Query\\Builder.php(3188): Illuminate\\Database\\Connection->select()
#5 C:\\Users\\k\\Desktop\\moviebox\\Ibrahim\\medzfitt-laravel\\vendor\\laravel\\framework\\src\\Illuminate\\Database\\Query\\Builder.php(3173): Illuminate\\Database\\Query\\Builder->runSelect()
#6 C:\\Users\\k\\Desktop\\moviebox\\Ibrahim\\medzfitt-laravel\\vendor\\laravel\\framework\\src\\Illuminate\\Database\\Query\\Builder.php(3763): Illuminate\\Database\\Query\\Builder->Illuminate\\Database\\Query\\{closure}()
#7 C:\\Users\\k\\Desktop\\moviebox\\Ibrahim\\medzfitt-laravel\\vendor\\laravel\\framework\\src\\Illuminate\\Database\\Query\\Builder.php(3172): Illuminate\\Database\\Query\\Builder->onceWithColumns()
#8 C:\\Users\\k\\Desktop\\moviebox\\Ibrahim\\medzfitt-laravel\\vendor\\laravel\\framework\\src\\Illuminate\\Database\\Concerns\\BuildsQueries.php(366): Illuminate\\Database\\Query\\Builder->get()
#9 C:\\Users\\k\\Desktop\\moviebox\\Ibrahim\\medzfitt-laravel\\vendor\\laravel\\framework\\src\\Illuminate\\Database\\Query\\Builder.php(3095): Illuminate\\Database\\Query\\Builder->first()
#10 C:\\Users\\k\\Desktop\\moviebox\\Ibrahim\\medzfitt-laravel\\vendor\\laravel\\framework\\src\\Illuminate\\Session\\DatabaseSessionHandler.php(96): Illuminate\\Database\\Query\\Builder->find()
#11 C:\\Users\\k\\Desktop\\moviebox\\Ibrahim\\medzfitt-laravel\\vendor\\laravel\\framework\\src\\Illuminate\\Session\\Store.php(117): Illuminate\\Session\\DatabaseSessionHandler->read()
#12 C:\\Users\\k\\Desktop\\moviebox\\Ibrahim\\medzfitt-laravel\\vendor\\laravel\\framework\\src\\Illuminate\\Session\\Store.php(105): Illuminate\\Session\\Store->readFromHandler()
#13 C:\\Users\\k\\Desktop\\moviebox\\Ibrahim\\medzfitt-laravel\\vendor\\laravel\\framework\\src\\Illuminate\\Session\\Store.php(89): Illuminate\\Session\\Store->loadSession()
#14 C:\\Users\\k\\Desktop\\moviebox\\Ibrahim\\medzfitt-laravel\\vendor\\laravel\\framework\\src\\Illuminate\\Session\\Middleware\\StartSession.php(146): Illuminate\\Session\\Store->start()
#15 C:\\Users\\k\\Desktop\\moviebox\\Ibrahim\\medzfitt-laravel\\vendor\\laravel\\framework\\src\\Illuminate\\Support\\helpers.php(390): Illuminate\\Session\\Middleware\\StartSession->Illuminate\\Session\\Middleware\\{closure}()
#16 C:\\Users\\k\\Desktop\\moviebox\\Ibrahim\\medzfitt-laravel\\vendor\\laravel\\framework\\src\\Illuminate\\Session\\Middleware\\StartSession.php(143): tap()
#17 C:\\Users\\k\\Desktop\\moviebox\\Ibrahim\\medzfitt-laravel\\vendor\\laravel\\framework\\src\\Illuminate\\Session\\Middleware\\StartSession.php(115): Illuminate\\Session\\Middleware\\StartSession->startSession()
#18 C:\\Users\\k\\Desktop\\moviebox\\Ibrahim\\medzfitt-laravel\\vendor\\laravel\\framework\\src\\Illuminate\\Session\\Middleware\\StartSession.php(63): Illuminate\\Session\\Middleware\\StartSession->handleStatefulRequest()
#19 C:\\Users\\k\\Desktop\\moviebox\\Ibrahim\\medzfitt-laravel\\vendor\\laravel\\framework\\src\\Illuminate\\Pipeline\\Pipeline.php(219): Illuminate\\Session\\Middleware\\StartSession->handle()
#20 C:\\Users\\k\\Desktop\\moviebox\\Ibrahim\\medzfitt-laravel\\vendor\\laravel\\framework\\src\\Illuminate\\Cookie\\Middleware\\AddQueuedCookiesToResponse.php(36): Illuminate\\Pipeline\\Pipeline->Illuminate\\Pipeline\\{closure}()
#21 C:\\Users\\k\\Desktop\\moviebox\\Ibrahim\\medzfitt-laravel\\vendor\\laravel\\framework\\src\\Illuminate\\Pipeline\\Pipeline.php(219): Illuminate\\Cookie\\Middleware\\AddQueuedCookiesToResponse->handle()
#22 C:\\Users\\k\\Desktop\\moviebox\\Ibrahim\\medzfitt-laravel\\vendor\\laravel\\framework\\src\\Illuminate\\Cookie\\Middleware\\EncryptCookies.php(74): Illuminate\\Pipeline\\Pipeline->Illuminate\\Pipeline\\{closure}()
#23 C:\\Users\\k\\Desktop\\moviebox\\Ibrahim\\medzfitt-laravel\\vendor\\laravel\\framework\\src\\Illuminate\\Pipeline\\Pipeline.php(219): Illuminate\\Cookie\\Middleware\\EncryptCookies->handle()
#24 C:\\Users\\k\\Desktop\\moviebox\\Ibrahim\\medzfitt-laravel\\vendor\\laravel\\framework\\src\\Illuminate\\Pipeline\\Pipeline.php(137): Illuminate\\Pipeline\\Pipeline->Illuminate\\Pipeline\\{closure}()
#25 C:\\Users\\k\\Desktop\\moviebox\\Ibrahim\\medzfitt-laravel\\vendor\\laravel\\framework\\src\\Illuminate\\Routing\\Router.php(821): Illuminate\\Pipeline\\Pipeline->then()
#26 C:\\Users\\k\\Desktop\\moviebox\\Ibrahim\\medzfitt-laravel\\vendor\\laravel\\framework\\src\\Illuminate\\Routing\\Router.php(800): Illuminate\\Routing\\Router->runRouteWithinStack()
#27 C:\\Users\\k\\Desktop\\moviebox\\Ibrahim\\medzfitt-laravel\\vendor\\laravel\\framework\\src\\Illuminate\\Routing\\Router.php(764): Illuminate\\Routing\\Router->runRoute()
#28 C:\\Users\\k\\Desktop\\moviebox\\Ibrahim\\medzfitt-laravel\\vendor\\laravel\\framework\\src\\Illuminate\\Routing\\Router.php(753): Illuminate\\Routing\\Router->dispatchToRoute()
#29 C:\\Users\\k\\Desktop\\moviebox\\Ibrahim\\medzfitt-laravel\\vendor\\laravel\\framework\\src\\Illuminate\\Foundation\\Http\\Kernel.php(200): Illuminate\\Routing\\Router->dispatch()
#30 C:\\Users\\k\\Desktop\\moviebox\\Ibrahim\\medzfitt-laravel\\vendor\\laravel\\framework\\src\\Illuminate\\Pipeline\\Pipeline.php(180): Illuminate\\Foundation\\Http\\Kernel->Illuminate\\Foundation\\Http\\{closure}()
#31 C:\\Users\\k\\Desktop\\moviebox\\Ibrahim\\medzfitt-laravel\\vendor\\laravel\\framework\\src\\Illuminate\\Foundation\\Http\\Middleware\\TransformsRequest.php(21): Illuminate\\Pipeline\\Pipeline->Illuminate\\Pipeline\\{closure}()
#32 C:\\Users\\k\\Desktop\\moviebox\\Ibrahim\\medzfitt-laravel\\vendor\\laravel\\framework\\src\\Illuminate\\Foundation\\Http\\Middleware\\ConvertEmptyStringsToNull.php(31): Illuminate\\Foundation\\Http\\Middleware\\TransformsRequest->handle()
#33 C:\\Users\\k\\Desktop\\moviebox\\Ibrahim\\medzfitt-laravel\\vendor\\laravel\\framework\\src\\Illuminate\\Pipeline\\Pipeline.php(219): Illuminate\\Foundation\\Http\\Middleware\\ConvertEmptyStringsToNull->handle()
#34 C:\\Users\\k\\Desktop\\moviebox\\Ibrahim\\medzfitt-laravel\\vendor\\laravel\\framework\\src\\Illuminate\\Foundation\\Http\\Middleware\\TransformsRequest.php(21): Illuminate\\Pipeline\\Pipeline->Illuminate\\Pipeline\\{closure}()
#35 C:\\Users\\k\\Desktop\\moviebox\\Ibrahim\\medzfitt-laravel\\vendor\\laravel\\framework\\src\\Illuminate\\Foundation\\Http\\Middleware\\TrimStrings.php(51): Illuminate\\Foundation\\Http\\Middleware\\TransformsRequest->handle()
#36 C:\\Users\\k\\Desktop\\moviebox\\Ibrahim\\medzfitt-laravel\\vendor\\laravel\\framework\\src\\Illuminate\\Pipeline\\Pipeline.php(219): Illuminate\\Foundation\\Http\\Middleware\\TrimStrings->handle()
#37 C:\\Users\\k\\Desktop\\moviebox\\Ibrahim\\medzfitt-laravel\\vendor\\laravel\\framework\\src\\Illuminate\\Http\\Middleware\\ValidatePostSize.php(27): Illuminate\\Pipeline\\Pipeline->Illuminate\\Pipeline\\{closure}()
#38 C:\\Users\\k\\Desktop\\moviebox\\Ibrahim\\medzfitt-laravel\\vendor\\laravel\\framework\\src\\Illuminate\\Pipeline\\Pipeline.php(219): Illuminate\\Http\\Middleware\\ValidatePostSize->handle()
#39 C:\\Users\\k\\Desktop\\moviebox\\Ibrahim\\medzfitt-laravel\\vendor\\laravel\\framework\\src\\Illuminate\\Foundation\\Http\\Middleware\\PreventRequestsDuringMaintenance.php(109): Illuminate\\Pipeline\\Pipeline->Illuminate\\Pipeline\\{closure}()
#40 C:\\Users\\k\\Desktop\\moviebox\\Ibrahim\\medzfitt-laravel\\vendor\\laravel\\framework\\src\\Illuminate\\Pipeline\\Pipeline.php(219): Illuminate\\Foundation\\Http\\Middleware\\PreventRequestsDuringMaintenance->handle()
#41 C:\\Users\\k\\Desktop\\moviebox\\Ibrahim\\medzfitt-laravel\\vendor\\laravel\\framework\\src\\Illuminate\\Http\\Middleware\\HandleCors.php(48): Illuminate\\Pipeline\\Pipeline->Illuminate\\Pipeline\\{closure}()
#42 C:\\Users\\k\\Desktop\\moviebox\\Ibrahim\\medzfitt-laravel\\vendor\\laravel\\framework\\src\\Illuminate\\Pipeline\\Pipeline.php(219): Illuminate\\Http\\Middleware\\HandleCors->handle()
#43 C:\\Users\\k\\Desktop\\moviebox\\Ibrahim\\medzfitt-laravel\\vendor\\laravel\\framework\\src\\Illuminate\\Http\\Middleware\\TrustProxies.php(58): Illuminate\\Pipeline\\Pipeline->Illuminate\\Pipeline\\{closure}()
#44 C:\\Users\\k\\Desktop\\moviebox\\Ibrahim\\medzfitt-laravel\\vendor\\laravel\\framework\\src\\Illuminate\\Pipeline\\Pipeline.php(219): Illuminate\\Http\\Middleware\\TrustProxies->handle()
#45 C:\\Users\\k\\Desktop\\moviebox\\Ibrahim\\medzfitt-laravel\\vendor\\laravel\\framework\\src\\Illuminate\\Foundation\\Http\\Middleware\\InvokeDeferredCallbacks.php(22): Illuminate\\Pipeline\\Pipeline->Illuminate\\Pipeline\\{closure}()
#46 C:\\Users\\k\\Desktop\\moviebox\\Ibrahim\\medzfitt-laravel\\vendor\\laravel\\framework\\src\\Illuminate\\Pipeline\\Pipeline.php(219): Illuminate\\Foundation\\Http\\Middleware\\InvokeDeferredCallbacks->handle()
#47 C:\\Users\\k\\Desktop\\moviebox\\Ibrahim\\medzfitt-laravel\\vendor\\laravel\\framework\\src\\Illuminate\\Http\\Middleware\\ValidatePathEncoding.php(26): Illuminate\\Pipeline\\Pipeline->Illuminate\\Pipeline\\{closure}()
#48 C:\\Users\\k\\Desktop\\moviebox\\Ibrahim\\medzfitt-laravel\\vendor\\laravel\\framework\\src\\Illuminate\\Pipeline\\Pipeline.php(219): Illuminate\\Http\\Middleware\\ValidatePathEncoding->handle()
#49 C:\\Users\\k\\Desktop\\moviebox\\Ibrahim\\medzfitt-laravel\\vendor\\laravel\\framework\\src\\Illuminate\\Pipeline\\Pipeline.php(137): Illuminate\\Pipeline\\Pipeline->Illuminate\\Pipeline\\{closure}()
#50 C:\\Users\\k\\Desktop\\moviebox\\Ibrahim\\medzfitt-laravel\\vendor\\laravel\\framework\\src\\Illuminate\\Foundation\\Http\\Kernel.php(175): Illuminate\\Pipeline\\Pipeline->then()
#51 C:\\Users\\k\\Desktop\\moviebox\\Ibrahim\\medzfitt-laravel\\vendor\\laravel\\framework\\src\\Illuminate\\Foundation\\Http\\Kernel.php(144): Illuminate\\Foundation\\Http\\Kernel->sendRequestThroughRouter()
#52 C:\\Users\\k\\Desktop\\moviebox\\Ibrahim\\medzfitt-laravel\\vendor\\laravel\\framework\\src\\Illuminate\\Foundation\\Application.php(1220): Illuminate\\Foundation\\Http\\Kernel->handle()
#53 C:\\Users\\k\\Desktop\\moviebox\\Ibrahim\\medzfitt-laravel\\public\\index.php(20): Illuminate\\Foundation\\Application->handleRequest()
#54 C:\\Users\\k\\Desktop\\moviebox\\Ibrahim\\medzfitt-laravel\\vendor\\laravel\\framework\\src\\Illuminate\\Foundation\\resources\\server.php(23): require_once('...')
#55 {main}
"} 
[2025-10-21 18:00:11] local.ERROR: SQLSTATE[42S01]: Base table or view already exists: 1050 Table 'users' already exists (Connection: mysql, SQL: create table `users` (`id` bigint unsigned not null auto_increment primary key, `name` varchar(255) not null, `email` varchar(255) not null, `email_verified_at` timestamp null, `password` varchar(255) not null, `phone` varchar(20) null, `address` text null, `city` varchar(100) null, `postal_code` varchar(20) null, `role` enum('customer', 'admin') not null default 'customer', `remember_token` varchar(100) null, `created_at` timestamp null, `updated_at` timestamp null) default character set utf8mb4 collate 'utf8mb4_unicode_ci') {"exception":"[object] (Illuminate\\Database\\QueryException(code: 42S01): SQLSTATE[42S01]: Base table or view already exists: 1050 Table 'users' already exists (Connection: mysql, SQL: create table `users` (`id` bigint unsigned not null auto_increment primary key, `name` varchar(255) not null, `email` varchar(255) not null, `email_verified_at` timestamp null, `password` varchar(255) not null, `phone` varchar(20) null, `address` text null, `city` varchar(100) null, `postal_code` varchar(20) null, `role` enum('customer', 'admin') not null default 'customer', `remember_token` varchar(100) null, `created_at` timestamp null, `updated_at` timestamp null) default character set utf8mb4 collate 'utf8mb4_unicode_ci') at C:\\Users\\k\\Desktop\\moviebox\\Ibrahim\\medzfitt-laravel\\vendor\\laravel\\framework\\src\\Illuminate\\Database\\Connection.php:824)
[stacktrace]
#0 C:\\Users\\k\\Desktop\\moviebox\\Ibrahim\\medzfitt-laravel\\vendor\\laravel\\framework\\src\\Illuminate\\Database\\Connection.php(778): Illuminate\\Database\\Connection->runQueryCallback()
#1 C:\\Users\\k\\Desktop\\moviebox\\Ibrahim\\medzfitt-laravel\\vendor\\laravel\\framework\\src\\Illuminate\\Database\\Connection.php(559): Illuminate\\Database\\Connection->run()
#2 C:\\Users\\k\\Desktop\\moviebox\\Ibrahim\\medzfitt-laravel\\vendor\\laravel\\framework\\src\\Illuminate\\Database\\Schema\\Blueprint.php(121): Illuminate\\Database\\Connection->statement()
#3 C:\\Users\\k\\Desktop\\moviebox\\Ibrahim\\medzfitt-laravel\\vendor\\laravel\\framework\\src\\Illuminate\\Database\\Schema\\Builder.php(618): Illuminate\\Database\\Schema\\Blueprint->build()
#4 C:\\Users\\k\\Desktop\\moviebox\\Ibrahim\\medzfitt-laravel\\vendor\\laravel\\framework\\src\\Illuminate\\Database\\Schema\\Builder.php(472): Illuminate\\Database\\Schema\\Builder->build()
#5 C:\\Users\\k\\Desktop\\moviebox\\Ibrahim\\medzfitt-laravel\\vendor\\laravel\\framework\\src\\Illuminate\\Support\\Facades\\Facade.php(363): Illuminate\\Database\\Schema\\Builder->create()
#6 C:\\Users\\k\\Desktop\\moviebox\\Ibrahim\\medzfitt-laravel\\database\\migrations\\0001_01_01_000000_create_users_table.php(14): Illuminate\\Support\\Facades\\Facade::__callStatic()
#7 C:\\Users\\k\\Desktop\\moviebox\\Ibrahim\\medzfitt-laravel\\vendor\\laravel\\framework\\src\\Illuminate\\Database\\Migrations\\Migrator.php(514): Illuminate\\Database\\Migrations\\Migration@anonymous->up()
#8 C:\\Users\\k\\Desktop\\moviebox\\Ibrahim\\medzfitt-laravel\\vendor\\laravel\\framework\\src\\Illuminate\\Database\\Migrations\\Migrator.php(439): Illuminate\\Database\\Migrations\\Migrator->runMethod()
#9 C:\\Users\\k\\Desktop\\moviebox\\Ibrahim\\medzfitt-laravel\\vendor\\laravel\\framework\\src\\Illuminate\\Database\\Migrations\\Migrator.php(448): Illuminate\\Database\\Migrations\\Migrator->Illuminate\\Database\\Migrations\\{closure}()
#10 C:\\Users\\k\\Desktop\\moviebox\\Ibrahim\\medzfitt-laravel\\vendor\\laravel\\framework\\src\\Illuminate\\Database\\Migrations\\Migrator.php(250): Illuminate\\Database\\Migrations\\Migrator->runMigration()
#11 C:\\Users\\k\\Desktop\\moviebox\\Ibrahim\\medzfitt-laravel\\vendor\\laravel\\framework\\src\\Illuminate\\Console\\View\\Components\\Task.php(41): Illuminate\\Database\\Migrations\\Migrator->Illuminate\\Database\\Migrations\\{closure}()
#12 C:\\Users\\k\\Desktop\\moviebox\\Ibrahim\\medzfitt-laravel\\vendor\\laravel\\framework\\src\\Illuminate\\Database\\Migrations\\Migrator.php(809): Illuminate\\Console\\View\\Components\\Task->render()
#13 C:\\Users\\k\\Desktop\\moviebox\\Ibrahim\\medzfitt-laravel\\vendor\\laravel\\framework\\src\\Illuminate\\Database\\Migrations\\Migrator.php(250): Illuminate\\Database\\Migrations\\Migrator->write()
#14 C:\\Users\\k\\Desktop\\moviebox\\Ibrahim\\medzfitt-laravel\\vendor\\laravel\\framework\\src\\Illuminate\\Database\\Migrations\\Migrator.php(210): Illuminate\\Database\\Migrations\\Migrator->runUp()
#15 C:\\Users\\k\\Desktop\\moviebox\\Ibrahim\\medzfitt-laravel\\vendor\\laravel\\framework\\src\\Illuminate\\Database\\Migrations\\Migrator.php(137): Illuminate\\Database\\Migrations\\Migrator->runPending()
#16 C:\\Users\\k\\Desktop\\moviebox\\Ibrahim\\medzfitt-laravel\\vendor\\laravel\\framework\\src\\Illuminate\\Database\\Console\\Migrations\\MigrateCommand.php(116): Illuminate\\Database\\Migrations\\Migrator->run()
#17 C:\\Users\\k\\Desktop\\moviebox\\Ibrahim\\medzfitt-laravel\\vendor\\laravel\\framework\\src\\Illuminate\\Database\\Migrations\\Migrator.php(666): Illuminate\\Database\\Console\\Migrations\\MigrateCommand->Illuminate\\Database\\Console\\Migrations\\{closure}()
#18 C:\\Users\\k\\Desktop\\moviebox\\Ibrahim\\medzfitt-laravel\\vendor\\laravel\\framework\\src\\Illuminate\\Database\\Console\\Migrations\\MigrateCommand.php(109): Illuminate\\Database\\Migrations\\Migrator->usingConnection()
#19 C:\\Users\\k\\Desktop\\moviebox\\Ibrahim\\medzfitt-laravel\\vendor\\laravel\\framework\\src\\Illuminate\\Database\\Console\\Migrations\\MigrateCommand.php(88): Illuminate\\Database\\Console\\Migrations\\MigrateCommand->runMigrations()
#20 C:\\Users\\k\\Desktop\\moviebox\\Ibrahim\\medzfitt-laravel\\vendor\\laravel\\framework\\src\\Illuminate\\Container\\BoundMethod.php(36): Illuminate\\Database\\Console\\Migrations\\MigrateCommand->handle()
#21 C:\\Users\\k\\Desktop\\moviebox\\Ibrahim\\medzfitt-laravel\\vendor\\laravel\\framework\\src\\Illuminate\\Container\\Util.php(43): Illuminate\\Container\\BoundMethod::Illuminate\\Container\\{closure}()
#22 C:\\Users\\k\\Desktop\\moviebox\\Ibrahim\\medzfitt-laravel\\vendor\\laravel\\framework\\src\\Illuminate\\Container\\BoundMethod.php(96): Illuminate\\Container\\Util::unwrapIfClosure()
#23 C:\\Users\\k\\Desktop\\moviebox\\Ibrahim\\medzfitt-laravel\\vendor\\laravel\\framework\\src\\Illuminate\\Container\\BoundMethod.php(35): Illuminate\\Container\\BoundMethod::callBoundMethod()
#24 C:\\Users\\k\\Desktop\\moviebox\\Ibrahim\\medzfitt-laravel\\vendor\\laravel\\framework\\src\\Illuminate\\Container\\Container.php(836): Illuminate\\Container\\BoundMethod::call()
#25 C:\\Users\\k\\Desktop\\moviebox\\Ibrahim\\medzfitt-laravel\\vendor\\laravel\\framework\\src\\Illuminate\\Console\\Command.php(211): Illuminate\\Container\\Container->call()
#26 C:\\Users\\k\\Desktop\\moviebox\\Ibrahim\\medzfitt-laravel\\vendor\\symfony\\console\\Command\\Command.php(318): Illuminate\\Console\\Command->execute()
#27 C:\\Users\\k\\Desktop\\moviebox\\Ibrahim\\medzfitt-laravel\\vendor\\laravel\\framework\\src\\Illuminate\\Console\\Command.php(180): Symfony\\Component\\Console\\Command\\Command->run()
#28 C:\\Users\\k\\Desktop\\moviebox\\Ibrahim\\medzfitt-laravel\\vendor\\symfony\\console\\Application.php(1110): Illuminate\\Console\\Command->run()
#29 C:\\Users\\k\\Desktop\\moviebox\\Ibrahim\\medzfitt-laravel\\vendor\\symfony\\console\\Application.php(359): Symfony\\Component\\Console\\Application->doRunCommand()
#30 C:\\Users\\k\\Desktop\\moviebox\\Ibrahim\\medzfitt-laravel\\vendor\\symfony\\console\\Application.php(194): Symfony\\Component\\Console\\Application->doRun()
#31 C:\\Users\\k\\Desktop\\moviebox\\Ibrahim\\medzfitt-laravel\\vendor\\laravel\\framework\\src\\Illuminate\\Foundation\\Console\\Kernel.php(197): Symfony\\Component\\Console\\Application->run()
#32 C:\\Users\\k\\Desktop\\moviebox\\Ibrahim\\medzfitt-laravel\\vendor\\laravel\\framework\\src\\Illuminate\\Foundation\\Application.php(1235): Illuminate\\Foundation\\Console\\Kernel->handle()
#33 C:\\Users\\k\\Desktop\\moviebox\\Ibrahim\\medzfitt-laravel\\artisan(16): Illuminate\\Foundation\\Application->handleCommand()
#34 {main}

[previous exception] [object] (PDOException(code: 42S01): SQLSTATE[42S01]: Base table or view already exists: 1050 Table 'users' already exists at C:\\Users\\k\\Desktop\\moviebox\\Ibrahim\\medzfitt-laravel\\vendor\\laravel\\framework\\src\\Illuminate\\Database\\Connection.php:570)
[stacktrace]
#0 C:\\Users\\k\\Desktop\\moviebox\\Ibrahim\\medzfitt-laravel\\vendor\\laravel\\framework\\src\\Illuminate\\Database\\Connection.php(570): PDOStatement->execute()
#1 C:\\Users\\k\\Desktop\\moviebox\\Ibrahim\\medzfitt-laravel\\vendor\\laravel\\framework\\src\\Illuminate\\Database\\Connection.php(811): Illuminate\\Database\\Connection->Illuminate\\Database\\{closure}()
#2 C:\\Users\\k\\Desktop\\moviebox\\Ibrahim\\medzfitt-laravel\\vendor\\laravel\\framework\\src\\Illuminate\\Database\\Connection.php(778): Illuminate\\Database\\Connection->runQueryCallback()
#3 C:\\Users\\k\\Desktop\\moviebox\\Ibrahim\\medzfitt-laravel\\vendor\\laravel\\framework\\src\\Illuminate\\Database\\Connection.php(559): Illuminate\\Database\\Connection->run()
#4 C:\\Users\\k\\Desktop\\moviebox\\Ibrahim\\medzfitt-laravel\\vendor\\laravel\\framework\\src\\Illuminate\\Database\\Schema\\Blueprint.php(121): Illuminate\\Database\\Connection->statement()
#5 C:\\Users\\k\\Desktop\\moviebox\\Ibrahim\\medzfitt-laravel\\vendor\\laravel\\framework\\src\\Illuminate\\Database\\Schema\\Builder.php(618): Illuminate\\Database\\Schema\\Blueprint->build()
#6 C:\\Users\\k\\Desktop\\moviebox\\Ibrahim\\medzfitt-laravel\\vendor\\laravel\\framework\\src\\Illuminate\\Database\\Schema\\Builder.php(472): Illuminate\\Database\\Schema\\Builder->build()
#7 C:\\Users\\k\\Desktop\\moviebox\\Ibrahim\\medzfitt-laravel\\vendor\\laravel\\framework\\src\\Illuminate\\Support\\Facades\\Facade.php(363): Illuminate\\Database\\Schema\\Builder->create()
#8 C:\\Users\\k\\Desktop\\moviebox\\Ibrahim\\medzfitt-laravel\\database\\migrations\\0001_01_01_000000_create_users_table.php(14): Illuminate\\Support\\Facades\\Facade::__callStatic()
#9 C:\\Users\\k\\Desktop\\moviebox\\Ibrahim\\medzfitt-laravel\\vendor\\laravel\\framework\\src\\Illuminate\\Database\\Migrations\\Migrator.php(514): Illuminate\\Database\\Migrations\\Migration@anonymous->up()
#10 C:\\Users\\k\\Desktop\\moviebox\\Ibrahim\\medzfitt-laravel\\vendor\\laravel\\framework\\src\\Illuminate\\Database\\Migrations\\Migrator.php(439): Illuminate\\Database\\Migrations\\Migrator->runMethod()
#11 C:\\Users\\k\\Desktop\\moviebox\\Ibrahim\\medzfitt-laravel\\vendor\\laravel\\framework\\src\\Illuminate\\Database\\Migrations\\Migrator.php(448): Illuminate\\Database\\Migrations\\Migrator->Illuminate\\Database\\Migrations\\{closure}()
#12 C:\\Users\\k\\Desktop\\moviebox\\Ibrahim\\medzfitt-laravel\\vendor\\laravel\\framework\\src\\Illuminate\\Database\\Migrations\\Migrator.php(250): Illuminate\\Database\\Migrations\\Migrator->runMigration()
#13 C:\\Users\\k\\Desktop\\moviebox\\Ibrahim\\medzfitt-laravel\\vendor\\laravel\\framework\\src\\Illuminate\\Console\\View\\Components\\Task.php(41): Illuminate\\Database\\Migrations\\Migrator->Illuminate\\Database\\Migrations\\{closure}()
#14 C:\\Users\\k\\Desktop\\moviebox\\Ibrahim\\medzfitt-laravel\\vendor\\laravel\\framework\\src\\Illuminate\\Database\\Migrations\\Migrator.php(809): Illuminate\\Console\\View\\Components\\Task->render()
#15 C:\\Users\\k\\Desktop\\moviebox\\Ibrahim\\medzfitt-laravel\\vendor\\laravel\\framework\\src\\Illuminate\\Database\\Migrations\\Migrator.php(250): Illuminate\\Database\\Migrations\\Migrator->write()
#16 C:\\Users\\k\\Desktop\\moviebox\\Ibrahim\\medzfitt-laravel\\vendor\\laravel\\framework\\src\\Illuminate\\Database\\Migrations\\Migrator.php(210): Illuminate\\Database\\Migrations\\Migrator->runUp()
#17 C:\\Users\\k\\Desktop\\moviebox\\Ibrahim\\medzfitt-laravel\\vendor\\laravel\\framework\\src\\Illuminate\\Database\\Migrations\\Migrator.php(137): Illuminate\\Database\\Migrations\\Migrator->runPending()
#18 C:\\Users\\k\\Desktop\\moviebox\\Ibrahim\\medzfitt-laravel\\vendor\\laravel\\framework\\src\\Illuminate\\Database\\Console\\Migrations\\MigrateCommand.php(116): Illuminate\\Database\\Migrations\\Migrator->run()
#19 C:\\Users\\k\\Desktop\\moviebox\\Ibrahim\\medzfitt-laravel\\vendor\\laravel\\framework\\src\\Illuminate\\Database\\Migrations\\Migrator.php(666): Illuminate\\Database\\Console\\Migrations\\MigrateCommand->Illuminate\\Database\\Console\\Migrations\\{closure}()
#20 C:\\Users\\k\\Desktop\\moviebox\\Ibrahim\\medzfitt-laravel\\vendor\\laravel\\framework\\src\\Illuminate\\Database\\Console\\Migrations\\MigrateCommand.php(109): Illuminate\\Database\\Migrations\\Migrator->usingConnection()
#21 C:\\Users\\k\\Desktop\\moviebox\\Ibrahim\\medzfitt-laravel\\vendor\\laravel\\framework\\src\\Illuminate\\Database\\Console\\Migrations\\MigrateCommand.php(88): Illuminate\\Database\\Console\\Migrations\\MigrateCommand->runMigrations()
#22 C:\\Users\\k\\Desktop\\moviebox\\Ibrahim\\medzfitt-laravel\\vendor\\laravel\\framework\\src\\Illuminate\\Container\\BoundMethod.php(36): Illuminate\\Database\\Console\\Migrations\\MigrateCommand->handle()
#23 C:\\Users\\k\\Desktop\\moviebox\\Ibrahim\\medzfitt-laravel\\vendor\\laravel\\framework\\src\\Illuminate\\Container\\Util.php(43): Illuminate\\Container\\BoundMethod::Illuminate\\Container\\{closure}()
#24 C:\\Users\\k\\Desktop\\moviebox\\Ibrahim\\medzfitt-laravel\\vendor\\laravel\\framework\\src\\Illuminate\\Container\\BoundMethod.php(96): Illuminate\\Container\\Util::unwrapIfClosure()
#25 C:\\Users\\k\\Desktop\\moviebox\\Ibrahim\\medzfitt-laravel\\vendor\\laravel\\framework\\src\\Illuminate\\Container\\BoundMethod.php(35): Illuminate\\Container\\BoundMethod::callBoundMethod()
#26 C:\\Users\\k\\Desktop\\moviebox\\Ibrahim\\medzfitt-laravel\\vendor\\laravel\\framework\\src\\Illuminate\\Container\\Container.php(836): Illuminate\\Container\\BoundMethod::call()
#27 C:\\Users\\k\\Desktop\\moviebox\\Ibrahim\\medzfitt-laravel\\vendor\\laravel\\framework\\src\\Illuminate\\Console\\Command.php(211): Illuminate\\Container\\Container->call()
#28 C:\\Users\\k\\Desktop\\moviebox\\Ibrahim\\medzfitt-laravel\\vendor\\symfony\\console\\Command\\Command.php(318): Illuminate\\Console\\Command->execute()
#29 C:\\Users\\k\\Desktop\\moviebox\\Ibrahim\\medzfitt-laravel\\vendor\\laravel\\framework\\src\\Illuminate\\Console\\Command.php(180): Symfony\\Component\\Console\\Command\\Command->run()
#30 C:\\Users\\k\\Desktop\\moviebox\\Ibrahim\\medzfitt-laravel\\vendor\\symfony\\console\\Application.php(1110): Illuminate\\Console\\Command->run()
#31 C:\\Users\\k\\Desktop\\moviebox\\Ibrahim\\medzfitt-laravel\\vendor\\symfony\\console\\Application.php(359): Symfony\\Component\\Console\\Application->doRunCommand()
#32 C:\\Users\\k\\Desktop\\moviebox\\Ibrahim\\medzfitt-laravel\\vendor\\symfony\\console\\Application.php(194): Symfony\\Component\\Console\\Application->doRun()
#33 C:\\Users\\k\\Desktop\\moviebox\\Ibrahim\\medzfitt-laravel\\vendor\\laravel\\framework\\src\\Illuminate\\Foundation\\Console\\Kernel.php(197): Symfony\\Component\\Console\\Application->run()
#34 C:\\Users\\k\\Desktop\\moviebox\\Ibrahim\\medzfitt-laravel\\vendor\\laravel\\framework\\src\\Illuminate\\Foundation\\Application.php(1235): Illuminate\\Foundation\\Console\\Kernel->handle()
#35 C:\\Users\\k\\Desktop\\moviebox\\Ibrahim\\medzfitt-laravel\\artisan(16): Illuminate\\Foundation\\Application->handleCommand()
#36 {main}
"} 
